<?xml version="1.0" encoding="UTF-8"?>
<testng-results skipped="0" failed="0" ignored="0" total="2" passed="2">
  <reporter-output>
  </reporter-output>
  <suite name="Surefire suite" duration-ms="16878" started-at="2020-08-29T20:00:59Z" finished-at="2020-08-29T20:01:15Z">
    <groups>
    </groups>
    <test name="Surefire test" duration-ms="16878" started-at="2020-08-29T20:00:59Z" finished-at="2020-08-29T20:01:15Z">
      <class name="tests.SearchTest">
        <test-method status="PASS" signature="setUp()[pri:0, instance:tests.SearchTest@27953a83]" name="setUp" is-config="true" duration-ms="9038" started-at="2020-08-29T20:00:59Z" finished-at="2020-08-29T20:01:08Z">
          <reporter-output>
          </reporter-output>
        </test-method> <!-- setUp -->
        <test-method status="PASS" signature="openGoogleTest(java.lang.String)[pri:0, instance:tests.SearchTest@27953a83]" name="openGoogleTest" duration-ms="6115" started-at="2020-08-29T20:01:08Z" data-provider="dataProvider" finished-at="2020-08-29T20:01:14Z">
          <params>
            <param index="0">
              <value>
                <![CDATA[selenium java]]>
              </value>
            </param>
          </params>
          <reporter-output>
          </reporter-output>
        </test-method> <!-- openGoogleTest -->
        <test-method status="PASS" signature="goBack()[pri:0, instance:tests.SearchTest@27953a83]" name="goBack" is-config="true" duration-ms="172" started-at="2020-08-29T20:01:14Z" finished-at="2020-08-29T20:01:14Z">
          <reporter-output>
          </reporter-output>
        </test-method> <!-- goBack -->
        <test-method status="PASS" signature="verifySearchByVoiceTooltipOnGoogle()[pri:0, instance:tests.SearchTest@27953a83]" name="verifySearchByVoiceTooltipOnGoogle" duration-ms="423" started-at="2020-08-29T20:01:14Z" finished-at="2020-08-29T20:01:15Z">
          <reporter-output>
          </reporter-output>
        </test-method> <!-- verifySearchByVoiceTooltipOnGoogle -->
        <test-method status="PASS" signature="goBack()[pri:0, instance:tests.SearchTest@27953a83]" name="goBack" is-config="true" duration-ms="80" started-at="2020-08-29T20:01:15Z" finished-at="2020-08-29T20:01:15Z">
          <reporter-output>
          </reporter-output>
        </test-method> <!-- goBack -->
        <test-method status="PASS" signature="tearDown()[pri:0, instance:tests.SearchTest@27953a83]" name="tearDown" is-config="true" duration-ms="799" started-at="2020-08-29T20:01:15Z" finished-at="2020-08-29T20:01:15Z">
          <reporter-output>
          </reporter-output>
        </test-method> <!-- tearDown -->
      </class> <!-- tests.SearchTest -->
    </test> <!-- Surefire test -->
  </suite> <!-- Surefire suite -->
</testng-results>
