<?xml version="1.0" encoding="UTF-8" ?>
<testsuite tests="2" failures="1" name="TestSuite" time="69.355" errors="0" skipped="0">
    <properties>
[...]
</properties>
    <testcase classname="tests.SearchTest" name="openGoogleInChromeTest1" time="68.872"/>
    <testcase classname="tests.SearchTest" name="verifySearchByVoiceTooltipOnGoogle" time="0.483">
        <failure message="java.lang.reflect.InvocationTargetException
Build info: version: &apos;3.12.0&apos;, revision: &apos;7c6e0b3&apos;, time: &apos;2018-05-08T14:04:26.12Z&apos;
System info: host: &apos;DESKTOP-L3DKLKL&apos;, ip: &apos;192.168.0.106&apos;, os.name: &apos;Windows 10&apos;, os.arch: &apos;amd64&apos;, os.version: &apos;10.0&apos;, java.version: &apos;1.8.0_181&apos;
Driver info: driver.version: RemoteWebDriver" type="org.openqa.selenium.WebDriverException">
            org.openqa.selenium.WebDriverException: java.lang.reflect.InvocationTargetException
            Build info: version: &apos;3.12.0&apos;, revision: &apos;7c6e0b3&apos;, time: &apos;2018-05-08T14:04:26.12Z&apos;
            System info: host: &apos;DESKTOP-L3DKLKL&apos;, ip: &apos;192.168.0.106&apos;, os.name: &apos;Windows 10&apos;,
            os.arch: &apos;amd64&apos;, os.version: &apos;10.0&apos;, java.version: &apos;1.8.0_181&apos;
            Driver info: driver.version: RemoteWebDriver
            at org.openqa.selenium.json.BeanToJsonConverter.convertUsingMethod(BeanToJsonConverter.java:195)
            at org.openqa.selenium.json.BeanToJsonConverter.lambda$new$11(BeanToJsonConverter.java:90)
            at org.openqa.selenium.json.BeanToJsonConverter.lambda$convertObject$26(BeanToJsonConverter.java:171)
            at java.util.Optional.map(Optional.java:215)
            at org.openqa.selenium.json.BeanToJsonConverter.convertObject(BeanToJsonConverter.java:171)
            at org.openqa.selenium.json.BeanToJsonConverter.lambda$null$16(BeanToJsonConverter.java:102)
            at java.util.stream.ReferencePipeline$3$1.accept(ReferencePipeline.java:193)
            at java.util.Iterator.forEachRemaining(Iterator.java:116)
            at java.util.Spliterators$IteratorSpliterator.forEachRemaining(Spliterators.java:1801)
            at java.util.stream.AbstractPipeline.copyInto(AbstractPipeline.java:481)
            at java.util.stream.AbstractPipeline.wrapAndCopyInto(AbstractPipeline.java:471)
            at java.util.stream.ReduceOps$ReduceOp.evaluateSequential(ReduceOps.java:708)
            at java.util.stream.AbstractPipeline.evaluate(AbstractPipeline.java:234)
            at java.util.stream.ReferencePipeline.collect(ReferencePipeline.java:499)
            at org.openqa.selenium.json.BeanToJsonConverter.lambda$new$18(BeanToJsonConverter.java:103)
            at org.openqa.selenium.json.BeanToJsonConverter.lambda$convertObject$26(BeanToJsonConverter.java:171)
            at java.util.Optional.map(Optional.java:215)
            at org.openqa.selenium.json.BeanToJsonConverter.convertObject(BeanToJsonConverter.java:171)
            at org.openqa.selenium.json.BeanToJsonConverter.lambda$null$19(BeanToJsonConverter.java:109)
            at com.google.common.collect.SingletonImmutableBiMap.forEach(SingletonImmutableBiMap.java:65)
            at org.openqa.selenium.json.BeanToJsonConverter.lambda$new$20(BeanToJsonConverter.java:108)
            at org.openqa.selenium.json.BeanToJsonConverter.lambda$convertObject$26(BeanToJsonConverter.java:171)
            at java.util.Optional.map(Optional.java:215)
            at org.openqa.selenium.json.BeanToJsonConverter.convertObject(BeanToJsonConverter.java:171)
            at org.openqa.selenium.json.BeanToJsonConverter.convert(BeanToJsonConverter.java:139)
            at org.openqa.selenium.json.Json.toJson(Json.java:48)
            at org.openqa.selenium.remote.http.AbstractHttpCommandCodec.encode(AbstractHttpCommandCodec.java:227)
            at org.openqa.selenium.remote.http.AbstractHttpCommandCodec.encode(AbstractHttpCommandCodec.java:117)
            at org.openqa.selenium.remote.HttpCommandExecutor.execute(HttpCommandExecutor.java:152)
            at org.openqa.selenium.remote.service.DriverCommandExecutor.execute(DriverCommandExecutor.java:83)
            at org.openqa.selenium.remote.RemoteWebDriver.execute(RemoteWebDriver.java:543)
            at org.openqa.selenium.remote.RemoteWebDriver.perform(RemoteWebDriver.java:609)
            at org.openqa.selenium.interactions.Actions$BuiltAction.perform(Actions.java:638)
            at pages.SearchPage.moveToSearchVoiceButton(SearchPage.java:48)
            at steps.SearchSteps.openToolTip(SearchSteps.java:17)
            at tests.SearchTest.verifySearchByVoiceTooltipOnGoogle(SearchTest.java:18)
            Caused by: java.lang.reflect.InvocationTargetException
            at sun.reflect.NativeMethodAccessorImpl.invoke0(Native Method)
            at sun.reflect.NativeMethodAccessorImpl.invoke(NativeMethodAccessorImpl.java:62)
            at sun.reflect.DelegatingMethodAccessorImpl.invoke(DelegatingMethodAccessorImpl.java:43)
            at java.lang.reflect.Method.invoke(Method.java:498)
            at org.openqa.selenium.json.BeanToJsonConverter.convertUsingMethod(BeanToJsonConverter.java:191)
            ... 70 more
            Caused by: org.openqa.selenium.NoSuchElementException: Unable to find element with css selector ==
            div.hpuQDe
            For documentation on this error, please visit: http://seleniumhq.org/exceptions/no_such_element.html
            Build info: version: &apos;3.12.0&apos;, revision: &apos;7c6e0b3&apos;, time: &apos;2018-05-08T14:04:26.12Z&apos;
            System info: host: &apos;DESKTOP-L3DKLKL&apos;, ip: &apos;192.168.0.106&apos;, os.name: &apos;Windows 10&apos;,
            os.arch: &apos;amd64&apos;, os.version: &apos;10.0&apos;, java.version: &apos;1.8.0_181&apos;
            Driver info: org.openqa.selenium.ie.InternetExplorerDriver
            Capabilities {acceptInsecureCerts: false, browserName: internet explorer, browserVersion: 11,
            javascriptEnabled: true, pageLoadStrategy: normal, platform: WINDOWS, platformName: WINDOWS, proxy: Proxy(),
            se:ieOptions: {browserAttachTimeout: 0, elementScrollBehavior: 0, enablePersistentHover: true,
            ie.browserCommandLineSwitches: , ie.edgechromium: false, ie.edgepath: , ie.ensureCleanSession: false,
            ie.fileUploadDialogTimeout: 3000, ie.forceCreateProcessApi: false, ignoreProtectedModeSettings: false,
            ignoreZoomSetting: true, initialBrowserUrl: http://localhost:42832/, nativeEvents: true, requireWindowFocus:
            false}, setWindowRect: true, strictFileInteractability: false, timeouts: {implicit: 0, pageLoad: 300000,
            script: 30000}, unhandledPromptBehavior: dismiss and notify}
            Session ID: 20d651b5-a543-4cbd-9d6b-2548db47e48a
            *** Element info: {Using=css selector, value=div.hpuQDe}
            at sun.reflect.NativeConstructorAccessorImpl.newInstance0(Native Method)
            at sun.reflect.NativeConstructorAccessorImpl.newInstance(NativeConstructorAccessorImpl.java:62)
            at sun.reflect.DelegatingConstructorAccessorImpl.newInstance(DelegatingConstructorAccessorImpl.java:45)
            at java.lang.reflect.Constructor.newInstance(Constructor.java:423)
            at org.openqa.selenium.remote.http.W3CHttpResponseCodec.createException(W3CHttpResponseCodec.java:187)
            at org.openqa.selenium.remote.http.W3CHttpResponseCodec.decode(W3CHttpResponseCodec.java:122)
            at org.openqa.selenium.remote.http.W3CHttpResponseCodec.decode(W3CHttpResponseCodec.java:49)
            at org.openqa.selenium.remote.HttpCommandExecutor.execute(HttpCommandExecutor.java:158)
            at org.openqa.selenium.remote.service.DriverCommandExecutor.execute(DriverCommandExecutor.java:83)
            at org.openqa.selenium.remote.RemoteWebDriver.execute(RemoteWebDriver.java:543)
            at org.openqa.selenium.remote.RemoteWebDriver.findElement(RemoteWebDriver.java:317)
            at org.openqa.selenium.remote.RemoteWebDriver.findElementByCssSelector(RemoteWebDriver.java:411)
            at org.openqa.selenium.By$ByCssSelector.findElement(By.java:431)
            at org.openqa.selenium.remote.RemoteWebDriver.findElement(RemoteWebDriver.java:309)
            at org.openqa.selenium.support.pagefactory.DefaultElementLocator.findElement(DefaultElementLocator.java:69)
            at
            org.openqa.selenium.support.pagefactory.internal.LocatingElementHandler.invoke(LocatingElementHandler.java:38)
            at com.sun.proxy.$Proxy9.getWrappedElement(Unknown Source)
            at org.openqa.selenium.interactions.PointerInput$Origin.asArg(PointerInput.java:203)
            at org.openqa.selenium.interactions.PointerInput$Move.encode(PointerInput.java:154)
            at org.openqa.selenium.interactions.Sequence.encode(Sequence.java:75)
            at org.openqa.selenium.interactions.Sequence.toJson(Sequence.java:84)
            ... 75 more
        </failure>
    </testcase>
</testsuite>