<?xml version="1.0" encoding="UTF-8"?>
<testng-results skipped="0" failed="0" ignored="0" total="2" passed="2">
  <reporter-output>
  </reporter-output>
  <suite name="All Tests" duration-ms="13510" started-at="2020-07-19T19:57:32Z" finished-at="2020-07-19T19:57:46Z">
    <groups>
    </groups>
    <test name="Regression" duration-ms="13510" started-at="2020-07-19T19:57:32Z" finished-at="2020-07-19T19:57:46Z">
      <class name="tests.SearchTest">
        <test-method status="PASS" signature="setUp()[pri:0, instance:tests.SearchTest@5a61f5df]" name="setUp" is-config="true" duration-ms="7429" started-at="2020-07-19T19:57:32Z" finished-at="2020-07-19T19:57:40Z">
          <reporter-output>
          </reporter-output>
        </test-method> <!-- setUp -->
        <test-method status="PASS" signature="openGoogleTest(java.lang.String)[pri:0, instance:tests.SearchTest@5a61f5df]" name="openGoogleTest" duration-ms="4892" started-at="2020-07-19T19:57:40Z" data-provider="dataProvider" finished-at="2020-07-19T19:57:45Z">
          <params>
            <param index="0">
              <value>
                <![CDATA[selenium java]]>
              </value>
            </param>
          </params>
          <reporter-output>
          </reporter-output>
        </test-method> <!-- openGoogleTest -->
        <test-method status="PASS" signature="goBack()[pri:0, instance:tests.SearchTest@5a61f5df]" name="goBack" is-config="true" duration-ms="99" started-at="2020-07-19T19:57:45Z" finished-at="2020-07-19T19:57:45Z">
          <reporter-output>
          </reporter-output>
        </test-method> <!-- goBack -->
        <test-method status="PASS" signature="verifySearchByVoiceTooltipOnGoogle()[pri:0, instance:tests.SearchTest@5a61f5df]" name="verifySearchByVoiceTooltipOnGoogle" duration-ms="298" started-at="2020-07-19T19:57:45Z" finished-at="2020-07-19T19:57:45Z">
          <reporter-output>
          </reporter-output>
        </test-method> <!-- verifySearchByVoiceTooltipOnGoogle -->
        <test-method status="PASS" signature="goBack()[pri:0, instance:tests.SearchTest@5a61f5df]" name="goBack" is-config="true" duration-ms="62" started-at="2020-07-19T19:57:45Z" finished-at="2020-07-19T19:57:45Z">
          <reporter-output>
          </reporter-output>
        </test-method> <!-- goBack -->
        <test-method status="PASS" signature="tearDown()[pri:0, instance:tests.SearchTest@5a61f5df]" name="tearDown" is-config="true" duration-ms="711" started-at="2020-07-19T19:57:45Z" finished-at="2020-07-19T19:57:46Z">
          <reporter-output>
          </reporter-output>
        </test-method> <!-- tearDown -->
      </class> <!-- tests.SearchTest -->
    </test> <!-- Regression -->
  </suite> <!-- All Tests -->
</testng-results>
