<?xml version="1.0" encoding="UTF-8"?>
<testng-results skipped="0" failed="0" ignored="0" total="2" passed="2">
  <reporter-output>
  </reporter-output>
  <suite name="Surefire suite" duration-ms="10689" started-at="2020-05-06T14:29:04Z" finished-at="2020-05-06T14:29:15Z">
    <groups>
    </groups>
    <test name="Surefire test" duration-ms="10689" started-at="2020-05-06T14:29:04Z" finished-at="2020-05-06T14:29:15Z">
      <class name="BasicIT">
        <test-method status="PASS" signature="instantiateDriverObject()[pri:0, instance:BasicIT@366e2eef]" name="instantiateDriverObject" is-config="true" duration-ms="10" started-at="2020-05-06T14:29:04Z" finished-at="2020-05-06T14:29:04Z">
          <reporter-output>
          </reporter-output>
        </test-method> <!-- instantiateDriverObject -->
        <test-method status="PASS" signature="googleMilkExample()[pri:0, instance:BasicIT@366e2eef]" name="googleMilkExample" duration-ms="10593" started-at="2020-05-06T14:29:04Z" finished-at="2020-05-06T14:29:15Z">
          <reporter-output>
          </reporter-output>
        </test-method> <!-- googleMilkExample -->
        <test-method status="PASS" signature="googleCheeseExample()[pri:0, instance:BasicIT@366e2eef]" name="googleCheeseExample" duration-ms="10653" started-at="2020-05-06T14:29:04Z" finished-at="2020-05-06T14:29:15Z">
          <reporter-output>
          </reporter-output>
        </test-method> <!-- googleCheeseExample -->
        <test-method status="PASS" signature="clearCookies()[pri:0, instance:BasicIT@366e2eef]" name="clearCookies" is-config="true" duration-ms="11" started-at="2020-05-06T14:29:15Z" finished-at="2020-05-06T14:29:15Z">
          <reporter-output>
          </reporter-output>
        </test-method> <!-- clearCookies -->
        <test-method status="PASS" signature="clearCookies()[pri:0, instance:BasicIT@366e2eef]" name="clearCookies" is-config="true" duration-ms="17" started-at="2020-05-06T14:29:15Z" finished-at="2020-05-06T14:29:15Z">
          <reporter-output>
          </reporter-output>
        </test-method> <!-- clearCookies -->
        <test-method status="PASS" signature="closeDriverObjects()[pri:0, instance:BasicIT@366e2eef]" name="closeDriverObjects" is-config="true" duration-ms="3194" started-at="2020-05-06T14:29:15Z" finished-at="2020-05-06T14:29:18Z">
          <reporter-output>
          </reporter-output>
        </test-method> <!-- closeDriverObjects -->
      </class> <!-- BasicIT -->
    </test> <!-- Surefire test -->
  </suite> <!-- Surefire suite -->
</testng-results>
